<?xml version="1.0" encoding="UTF-8"?>
<!-- Generated by org.testng.reporters.JUnitXMLReporter -->
<testsuite ignored="0" hostname="DESKTOP-RAD7ACU" failures="1" tests="1" name="Test" time="4.294" errors="0" timestamp="2023-05-17T17:52:13 IST">
  <testcase classname="testCases.VerifyURLLaunching" name="openBrowser" time="0.038">
    <failure type="java.lang.AssertionError" message="The following asserts failed:
	unable to open URL expected [https://demo.opencart.ccom/] but found [https://demo.opencart.com/]">
      <![CDATA[java.lang.AssertionError: The following asserts failed:
unable to open URL expected [https://demo.opencart.ccom/] but found [https://demo.opencart.com/]
at testCases.VerifyURLLaunching.openBrowser(VerifyURLLaunching.java:20)
at java.base/java.util.ArrayList.forEach(ArrayList.java:1511)
... Removed 29 stack frames]]>
    </failure>
  </testcase> <!-- openBrowser -->
</testsuite> <!-- Test -->
